***********************day2023_04_04************************
['441248', '35657400', '35490249', '441274', '35667183', '35511714', '10949474', '442283', '442712', '441854', '9139187', '439889', '440527', '9235505', '9235480', '10949870', '441776']
[802.0, 800.0, 800.0, 800.0, 8740.5, 8665.0, 2900.15, 2200.85, 2250.46, 2250.46, 2530.01, 2080.0, 2080.0, 1430.0, 3330.0, 1450.0, 3263.16]
迭代次数: 0
---------------------------
长度信息： [802.0, 800.0, 800.0, 800.0, 8740.5, 8665.0, 2900.15, 2200.85, 2250.46, 2250.46, 2530.01, 2080.0, 2080.0, 1430.0, 3330.0, 1450.0, 3263.16]
前序求和： [0.0, 805.0, 1608.0, 2411.0, 3214.0, 11957.5, 20625.5, 23528.65, 25732.5, 27985.96, 30239.42, 32772.43, 34855.43, 36938.43, 38371.43, 41704.43, 43157.43, 46423.59]
切分位置： [7, 9, 14]
后半段过短，需调整
[2530.01, 2080.0, 2200.85, 800.0, 8665.0, 1450.0, 3263.16, 800.0, 3330.0, 2080.0, 800.0, 2900.15, 8740.5, 1430.0, 2250.46, 2250.46, 802.0]
迭代次数: 1
---------------------------
长度信息： [2530.01, 2080.0, 2200.85, 800.0, 8665.0, 1450.0, 3263.16, 800.0, 3330.0, 2080.0, 800.0, 2900.15, 8740.5, 1430.0, 2250.46, 2250.46, 802.0]
前序求和： [0.0, 2533.01, 4616.01, 6819.86, 7622.86, 16290.86, 17743.86, 21010.02, 21813.02, 25146.02, 27229.02, 28032.02, 30935.17, 39678.67, 41111.67, 43365.13, 45618.59, 46423.59]
切分位置： [6, 10, 14]
第 4 个 12000 切分段(末段)
  该分段长度布置: ['8740.5B', 1430.0, 2250.46, 2250.46, 802.0]
完成切分，该组序列OK，循环套料总长度 46423.59 ，共计需要 12000 整料 4 根
分段结果： [[2530.01, 2080.0, 2200.85, 800.0, '8665.0A'], ['8665.0B', 1450.0, 3263.16, 800.0, '3330.0A'], ['3330.0B', 2080.0, 800.0, 2900.15, '8740.5A'], ['8740.5B', 1430.0, 2250.46, 2250.46, 802.0]]
分段ID值： [['9139187', '440527', '442283', '441274', '35511714A'], ['35511714B', '10949870', '441776', '35490249', '9235480A'], ['9235480B', '439889', '35657400', '10949474', '35667183A'], ['35667183B', '9235505', '441854', '442712', '441248']]
原始字典： {'441248': 802.0, '35657400': 800.0, '35490249': 800.0, '441274': 800.0, '35667183': 8740.5, '35511714': 8665.0, '10949474': 2900.15, '442283': 2200.85, '442712': 2250.46, '441854': 2250.46, '9139187': 2530.01, '439889': 2080.0, '440527': 2080.0, '9235505': 1430.0, '9235480': 3330.0, '10949870': 1450.0, '441776': 3263.16}
分段AB长: [['1', '8665.0A', '4374.14', '4290.86'], ['2', '3330.0A', '2183.98', '1146.02'], ['3', '8740.5A', '5061.83', '3678.67']]
9139187
440527
442283
441274
35511714A
35511714B
10949870
441776
35490249
9235480A
9235480B
439889
35657400
10949474
35667183A
35667183B
9235505
441854
442712
441248
数据库打开成功
数据库已更新
[[[], [], []], [[], [], []], [[], [], []], [[], [], []]]

***********************day2023_04_04************************
['441248', '35657400', '35490249', '441274', '35667183', '35511714', '10949474', '442283', '442712', '441854', '9139187', '439889', '440527', '9235505', '9235480', '10949870', '441776']
[802.0, 800.0, 800.0, 800.0, 8740.5, 8665.0, 2900.15, 2200.85, 2250.46, 2250.46, 2530.01, 2080.0, 2080.0, 1430.0, 3330.0, 1450.0, 3263.16]
迭代次数: 0
---------------------------
长度信息： [802.0, 800.0, 800.0, 800.0, 8740.5, 8665.0, 2900.15, 2200.85, 2250.46, 2250.46, 2530.01, 2080.0, 2080.0, 1430.0, 3330.0, 1450.0, 3263.16]
前序求和： [0.0, 805.0, 1608.0, 2411.0, 3214.0, 11957.5, 20625.5, 23528.65, 25732.5, 27985.96, 30239.42, 32772.43, 34855.43, 36938.43, 38371.43, 41704.43, 43157.43, 46423.59]
切分位置： [7, 9, 14]
后半段过短，需调整
迭代次数: 1
---------------------------
长度信息： [3263.16, 2900.15, 800.0, 2080.0, 800.0, 1430.0, 2200.85, 800.0, 3330.0, 2250.46, 2080.0, 1450.0, 802.0, 8665.0, 8740.5, 2250.46, 2530.01]
前序求和： [0.0, 3266.16, 6169.31, 6972.31, 9055.31, 9858.31, 11291.31, 13495.16, 14298.16, 17631.16, 19884.62, 21967.62, 23420.62, 24225.62, 32893.62, 41637.12, 43890.58, 46423.59]
切分位置： [8, 14, 16]
802.0 分段处过短，需调整
迭代次数: 2
---------------------------
长度信息： [3263.16, 2900.15, 800.0, 2080.0, 1450.0, 8740.5, 8665.0, 2250.46, 2080.0, 1430.0, 3330.0, 2250.46, 802.0, 800.0, 2530.01, 800.0, 2200.85]
前序求和： [0.0, 3266.16, 6169.31, 6972.31, 9055.31, 10508.31, 19251.81, 27919.81, 30173.27, 32256.27, 33689.27, 37022.27, 39275.73, 40080.73, 40883.73, 43416.74, 44219.74, 46423.59]
切分位置： [7, 8, 12]
第 4 个 12000 切分段(末段)
  该分段长度布置: ['3330.0B', 2250.46, 802.0, 800.0, 2530.01, 800.0, 2200.85]
完成切分，该组序列OK，循环套料总长度 46423.59 ，共计需要 12000 整料 4 根
分段结果： [[3263.16, 2900.15, 800.0, 2080.0, 1450.0, '8740.5A'], ['8740.5B', '8665.0A'], ['8665.0B', 2250.46, 2080.0, 1430.0, '3330.0A'], ['3330.0B', 2250.46, 802.0, 800.0, 2530.01, 800.0, 2200.85]]
分段ID值： [['441776', '10949474', '441274', '440527', '10949870', '35667183A'], ['35667183B', '35511714A'], ['35511714B', '441854', '439889', '9235505', '9235480A'], ['9235480B', '442712', '441248', '35490249', '9139187', '35657400', '442283']]
原始字典： {'441248': 802.0, '35657400': 800.0, '35490249': 800.0, '441274': 800.0, '35667183': 8740.5, '35511714': 8665.0, '10949474': 2900.15, '442283': 2200.85, '442712': 2250.46, '441854': 2250.46, '9139187': 2530.01, '439889': 2080.0, '440527': 2080.0, '9235505': 1430.0, '9235480': 3330.0, '10949870': 1450.0, '441776': 3263.16}
分段AB长: [['1', '8740.5A', '1488.69', '7251.81'], ['2', '8665.0A', '4745.19', '3919.81'], ['3', '3330.0A', '2307.73', '1022.27']]
441776
10949474
441274
440527
10949870
35667183A
35667183B
35511714A
35511714B
441854
439889
9235505
9235480A
9235480B
442712
441248
35490249
9139187
35657400
442283
数据库打开成功
数据库已更新
[[[], [], []], [[], [], []], [[], [], []], [[], [], []]]

***********************day2023_04_04************************
['441248', '35657400', '35490249', '441274', '35667183', '35511714', '10949474', '442283', '442712', '441854', '9139187', '439889', '440527', '9235505', '9235480', '10949870', '441776']
[802.0, 800.0, 800.0, 800.0, 8740.5, 8665.0, 2900.15, 2200.85, 2250.46, 2250.46, 2530.01, 2080.0, 2080.0, 1430.0, 3330.0, 1450.0, 3263.16]
迭代次数: 0
---------------------------
长度信息： [802.0, 800.0, 800.0, 800.0, 8740.5, 8665.0, 2900.15, 2200.85, 2250.46, 2250.46, 2530.01, 2080.0, 2080.0, 1430.0, 3330.0, 1450.0, 3263.16]
前序求和： [0.0, 805.0, 1608.0, 2411.0, 3214.0, 11957.5, 20625.5, 23528.65, 25732.5, 27985.96, 30239.42, 32772.43, 34855.43, 36938.43, 38371.43, 41704.43, 43157.43, 46423.59]
切分位置： [7, 9, 14]
后半段过短，需调整
迭代次数: 1
---------------------------
长度信息： [3263.16, 800.0, 800.0, 2250.46, 2080.0, 1450.0, 2530.01, 802.0, 8740.5, 2080.0, 2900.15, 8665.0, 3330.0, 800.0, 2200.85, 1430.0, 2250.46]
前序求和： [0.0, 3266.16, 4069.16, 4872.16, 7125.62, 9208.62, 10661.62, 13194.63, 13999.63, 22743.13, 24826.13, 27729.28, 36397.28, 39730.28, 40533.28, 42737.13, 44170.13, 46423.59]
切分位置： [8, 11, 13]
前半段过短，需调整
迭代次数: 2
---------------------------
长度信息： [3263.16, 800.0, 800.0, 2250.46, 2530.01, 2080.0, 802.0, 800.0, 2200.85, 1430.0, 8665.0, 2080.0, 3330.0, 8740.5, 2900.15, 2250.46, 1450.0]
前序求和： [0.0, 3266.16, 4069.16, 4872.16, 7125.62, 9658.63, 11741.63, 12546.63, 13349.63, 15553.48, 16986.48, 25654.48, 27737.48, 31070.48, 39813.98, 42717.13, 44970.59, 46423.59]
切分位置： [8, 12, 15]
802.0 分段处过短，需调整
迭代次数: 3
---------------------------
长度信息： [3263.16, 2080.0, 800.0, 3330.0, 2900.15, 2200.85, 2530.01, 8665.0, 2250.46, 8740.5, 2250.46, 1450.0, 1430.0, 2080.0, 800.0, 800.0, 802.0]
前序求和： [0.0, 3266.16, 5349.16, 6152.16, 9485.16, 12388.31, 14592.16, 17125.17, 25793.17, 28046.63, 36790.13, 39043.59, 40496.59, 41929.59, 44012.59, 44815.59, 45618.59, 46423.59]
切分位置： [6, 9, 11]
前半段过短，需调整
迭代次数: 4
---------------------------
长度信息： [2080.0, 8740.5, 2900.15, 800.0, 802.0, 2250.46, 3330.0, 800.0, 2530.01, 1430.0, 2250.46, 2080.0, 1450.0, 8665.0, 3263.16, 2200.85, 800.0]
前序求和： [0.0, 2083.0, 10826.5, 13729.65, 14532.65, 15337.65, 17591.11, 20924.11, 21727.11, 24260.12, 25693.12, 27946.58, 30029.58, 31482.58, 40150.58, 43416.74, 45620.59, 46423.59]
切分位置： [4, 10, 15]
前半段过短，需调整
迭代次数: 5
---------------------------
长度信息： [2080.0, 8665.0, 800.0, 3330.0, 2900.15, 2200.85, 800.0, 2250.46, 800.0, 802.0, 1450.0, 2530.01, 8740.5, 2250.46, 1430.0, 3263.16, 2080.0]
前序求和： [0.0, 2083.0, 10751.0, 11554.0, 14887.0, 17790.15, 19994.0, 20797.0, 23050.46, 23853.46, 24658.46, 26111.46, 28644.47, 37387.97, 39641.43, 41074.43, 44340.59, 46423.59]
切分位置： [5, 11, 14]
后半段过短，需调整
迭代次数: 6
---------------------------
长度信息： [3330.0, 800.0, 800.0, 2200.85, 2080.0, 2080.0, 8740.5, 2250.46, 2250.46, 8665.0, 2530.01, 1430.0, 3263.16, 2900.15, 802.0, 1450.0, 800.0]
前序求和： [0.0, 3333.0, 4136.0, 4939.0, 7142.85, 9225.85, 11308.85, 20052.35, 22305.81, 24559.27, 33227.27, 35760.28, 37193.28, 40459.44, 43362.59, 44167.59, 45620.59, 46423.59]
切分位置： [8, 10, 13]
前半段过短，需调整
迭代次数: 7
---------------------------
长度信息： [3330.0, 800.0, 2530.01, 800.0, 3263.16, 800.0, 2900.15, 1430.0, 8740.5, 2200.85, 2080.0, 2250.46, 8665.0, 2080.0, 802.0, 2250.46, 1450.0]
前序求和： [0.0, 3333.0, 4136.0, 6669.01, 7472.01, 10738.17, 11541.17, 14444.32, 15877.32, 24620.82, 26824.67, 28907.67, 31161.13, 39829.13, 41912.13, 42717.13, 44970.59, 46423.59]
切分位置： [8, 10, 14]
后半段过短，需调整
迭代次数: 8
---------------------------
长度信息： [2080.0, 1430.0, 2530.01, 2900.15, 2250.46, 2250.46, 8740.5, 800.0, 3330.0, 2200.85, 3263.16, 800.0, 8665.0, 2080.0, 802.0, 1450.0, 800.0]
前序求和： [0.0, 2083.0, 3516.0, 6049.01, 8952.16, 11205.62, 13459.08, 22202.58, 23005.58, 26338.58, 28542.43, 31808.59, 32611.59, 41279.59, 43362.59, 44167.59, 45620.59, 46423.59]
切分位置： [7, 10, 14]
第 4 个 12000 切分段(末段)
  该分段长度布置: ['8665.0B', 2080.0, 802.0, 1450.0, 800.0]
完成切分，该组序列OK，循环套料总长度 46423.59 ，共计需要 12000 整料 4 根
分段结果： [[2080.0, 1430.0, 2530.01, 2900.15, 2250.46, '2250.46A'], ['2250.46B', 8740.5, 800.0, '3330.0A'], ['3330.0B', 2200.85, 3263.16, 800.0, '8665.0A'], ['8665.0B', 2080.0, 802.0, 1450.0, 800.0]]
分段ID值： [['440527', '9235505', '9139187', '10949474', '441854', '442712A'], ['442712B', '35667183', '441274', '9235480A'], ['9235480B', '442283', '441776', '35490249', '35511714A'], ['35511714B', '439889', '441248', '10949870', '35657400']]
原始字典： {'441248': 802.0, '35657400': 800.0, '35490249': 800.0, '441274': 800.0, '35667183': 8740.5, '35511714': 8665.0, '10949474': 2900.15, '442283': 2200.85, '442712': 2250.46, '441854': 2250.46, '9139187': 2530.01, '439889': 2080.0, '440527': 2080.0, '9235505': 1430.0, '9235480': 3330.0, '10949870': 1450.0, '441776': 3263.16}
分段AB长: [['1', '2250.46A', '791.38', '1459.08'], ['2', '3330.0A', '991.42', '2338.58'], ['3', '8665.0A', '3385.41', '5279.59']]
数据库打开成功
数据库已更新
[[[], [], []], [[], [], []], [[], [], []], [[], [], []]]

