*****************Rank_roll_Log2023_04_04_15*****************
['441248', '35657400', '35490249', '441274', '35667183', '35511714', '10949474', '442283', '442712', '441854', '9139187', '439889', '440527', '9235505', '9235480', '10949870', '441776']
[802.0, 800.0, 800.0, 800.0, 8740.5, 8665.0, 2900.15, 2200.85, 2250.46, 2250.46, 2530.01, 2080.0, 2080.0, 1430.0, 3330.0, 1450.0, 3263.16]
迭代次数: 0
---------------------------
长度信息： [802.0, 800.0, 800.0, 800.0, 8740.5, 8665.0, 2900.15, 2200.85, 2250.46, 2250.46, 2530.01, 2080.0, 2080.0, 1430.0, 3330.0, 1450.0, 3263.16]
前序求和： [0.0, 805.0, 1608.0, 2411.0, 3214.0, 11957.5, 20625.5, 23528.65, 25732.5, 27985.96, 30239.42, 32772.43, 34855.43, 36938.43, 38371.43, 41704.43, 43157.43, 46423.59]
切分位置： [7, 9, 14]
后半段过短，需调整
迭代次数: 1
---------------------------
长度信息： [802.0, 2250.46, 3330.0, 1430.0, 1450.0, 8740.5, 3263.16, 2080.0, 800.0, 2250.46, 2530.01, 800.0, 8665.0, 2080.0, 2900.15, 2200.85, 800.0]
前序求和： [0.0, 805.0, 3058.46, 6391.46, 7824.46, 9277.46, 18020.96, 21287.12, 23370.12, 24173.12, 26426.58, 28959.59, 29762.59, 38430.59, 40513.59, 43416.74, 45620.59, 46423.59]
切分位置： [7, 10, 14]
800.0 分段处过短，需调整
迭代次数: 2
---------------------------
长度信息： [802.0, 2530.01, 1450.0, 800.0, 2200.85, 2250.46, 8665.0, 3263.16, 8740.5, 800.0, 800.0, 2250.46, 2900.15, 1430.0, 3330.0, 2080.0, 2080.0]
前序求和： [0.0, 805.0, 3338.01, 4791.01, 5594.01, 7797.86, 10051.32, 18719.32, 21985.48, 30728.98, 31531.98, 32334.98, 34588.44, 37491.59, 38924.59, 42257.59, 44340.59, 46423.59]
切分位置： [8, 10, 14]
第 4 个 12000 切分段(末段)
  该分段长度布置: ['2900.15B', 1430.0, 3330.0, 2080.0, 2080.0]
完成切分，该组序列OK，循环套料总长度 46423.59 ，共计需要 12000 整料 4 根
分段结果： [[802.0, 2530.01, 1450.0, 800.0, 2200.85, 2250.46, '8665.0A'], ['8665.0B', 3263.16, '8740.5A'], ['8740.5B', 800.0, 800.0, 2250.46, '2900.15A'], ['2900.15B', 1430.0, 3330.0, 2080.0, 2080.0]]
分段ID值： [['441248', '9139187', '10949870', '441274', '442283', '441854', '35511714A'], ['35511714B', '441776', '35667183A'], ['35667183B', '35490249', '35657400', '442712', '10949474A'], ['10949474B', '9235505', '9235480', '440527', '439889']]
原始字典： {'441248': 802.0, '35657400': 800.0, '35490249': 800.0, '441274': 800.0, '35667183': 8740.5, '35511714': 8665.0, '10949474': 2900.15, '442283': 2200.85, '442712': 2250.46, '441854': 2250.46, '9139187': 2530.01, '439889': 2080.0, '440527': 2080.0, '9235505': 1430.0, '9235480': 3330.0, '10949870': 1450.0, '441776': 3263.16}
分段AB长: [['1', '8665.0A', '1945.68', '6719.32'], ['2', '8740.5A', '2011.52', '6728.98'], ['3', '2900.15A', '1408.56', '1491.59']]
数据库打开成功
数据库已更新
[[[], [], []], [[], [], []], [[], [], []], [[], [], []]]

*****************Rank_roll_Log2023_04_04_15*****************
['441248', '35657400', '35490249', '441274', '35667183', '35511714', '10949474', '442283', '442712', '441854', '9139187', '439889', '440527', '9235505', '9235480', '10949870', '441776']
[802.0, 800.0, 800.0, 800.0, 8740.5, 8665.0, 2900.15, 2200.85, 2250.46, 2250.46, 2530.01, 2080.0, 2080.0, 1430.0, 3330.0, 1450.0, 3263.16]
迭代次数: 0
---------------------------
长度信息： [802.0, 800.0, 800.0, 800.0, 8740.5, 8665.0, 2900.15, 2200.85, 2250.46, 2250.46, 2530.01, 2080.0, 2080.0, 1430.0, 3330.0, 1450.0, 3263.16]
前序求和： [0.0, 805.0, 1608.0, 2411.0, 3214.0, 11957.5, 20625.5, 23528.65, 25732.5, 27985.96, 30239.42, 32772.43, 34855.43, 36938.43, 38371.43, 41704.43, 43157.43, 46423.59]
切分位置： [7, 9, 14]
后半段过短，需调整
迭代次数: 1
---------------------------
长度信息： [2250.46, 800.0, 8740.5, 2250.46, 1430.0, 8665.0, 1450.0, 800.0, 2200.85, 2530.01, 3330.0, 3263.16, 2080.0, 802.0, 2080.0, 800.0, 2900.15]
前序求和： [0.0, 2253.46, 3056.46, 11799.96, 14053.42, 15486.42, 24154.42, 25607.42, 26410.42, 28614.27, 31147.28, 34480.28, 37746.44, 39829.44, 40634.44, 42717.44, 43520.44, 46423.59]
切分位置： [5, 7, 13]
后半段过短，需调整
迭代次数: 2
---------------------------
长度信息： [2530.01, 2250.46, 800.0, 1430.0, 3263.16, 3330.0, 800.0, 2200.85, 802.0, 2250.46, 2900.15, 2080.0, 8665.0, 1450.0, 800.0, 8740.5, 2080.0]
前序求和： [0.0, 2533.01, 4786.47, 5589.47, 7022.47, 10288.63, 13621.63, 14424.63, 16628.48, 17433.48, 19686.94, 22590.09, 24673.09, 33341.09, 34794.09, 35597.09, 44340.59, 46423.59]
切分位置： [7, 13, 17]
后半段过短，需调整
迭代次数: 3
---------------------------
长度信息： [2530.01, 2250.46, 800.0, 1430.0, 3263.16, 3330.0, 800.0, 2200.85, 2080.0, 2080.0, 8740.5, 2250.46, 800.0, 802.0, 1450.0, 8665.0, 2900.15]
前序求和： [0.0, 2533.01, 4786.47, 5589.47, 7022.47, 10288.63, 13621.63, 14424.63, 16628.48, 18711.48, 20794.48, 29537.98, 31791.44, 32594.44, 33399.44, 34852.44, 43520.44, 46423.59]
切分位置： [7, 12, 17]
第 4 个 12000 切分段(末段)
  该分段长度布置: ['8665.0B', 2900.15]
完成切分，该组序列OK，循环套料总长度 46423.59 ，共计需要 12000 整料 4 根
分段结果： [[2530.01, 2250.46, 800.0, 1430.0, 3263.16, '3330.0A'], ['3330.0B', 800.0, 2200.85, 2080.0, 2080.0, '8740.5A'], ['8740.5B', 2250.46, 800.0, 802.0, 1450.0, '8665.0A'], ['8665.0B', 2900.15]]
分段ID值： [['9139187', '441854', '441274', '9235505', '441776', '9235480A'], ['9235480B', '35490249', '442283', '440527', '439889', '35667183A'], ['35667183B', '442712', '35657400', '441248', '10949870', '35511714A'], ['35511714B', '10949474']]
原始字典： {'441248': 802.0, '35657400': 800.0, '35490249': 800.0, '441274': 800.0, '35667183': 8740.5, '35511714': 8665.0, '10949474': 2900.15, '442283': 2200.85, '442712': 2250.46, '441854': 2250.46, '9139187': 2530.01, '439889': 2080.0, '440527': 2080.0, '9235505': 1430.0, '9235480': 3330.0, '10949870': 1450.0, '441776': 3263.16}
分段AB长: [['1', '3330.0A', '1708.37', '1621.63'], ['2', '8740.5A', '3202.52', '5537.98'], ['3', '8665.0A', '1144.56', '7520.44']]
数据库打开成功
数据库已更新
[[[], [], []], [[], [], []], [[], [], []], [[], [], []]]

*****************Rank_roll_Log2023_04_04_15*****************
['441248', '35657400', '35490249', '441274', '35667183', '35511714', '10949474', '442283', '442712', '441854', '9139187', '439889', '440527', '9235505', '9235480', '10949870', '441776']
[802.0, 800.0, 800.0, 800.0, 8740.5, 8665.0, 2900.15, 2200.85, 2250.46, 2250.46, 2530.01, 2080.0, 2080.0, 1430.0, 3330.0, 1450.0, 3263.16]
迭代次数: 0
---------------------------
长度信息： [802.0, 800.0, 800.0, 800.0, 8740.5, 8665.0, 2900.15, 2200.85, 2250.46, 2250.46, 2530.01, 2080.0, 2080.0, 1430.0, 3330.0, 1450.0, 3263.16]
前序求和： [0.0, 805.0, 1608.0, 2411.0, 3214.0, 11957.5, 20625.5, 23528.65, 25732.5, 27985.96, 30239.42, 32772.43, 34855.43, 36938.43, 38371.43, 41704.43, 43157.43, 46423.59]
切分位置： [7, 9, 14]
后半段过短，需调整
迭代次数: 1
---------------------------
长度信息： [2250.46, 1430.0, 3263.16, 2080.0, 8740.5, 2080.0, 3330.0, 800.0, 2200.85, 800.0, 1450.0, 2530.01, 8665.0, 800.0, 2900.15, 802.0, 2250.46]
前序求和： [0.0, 2253.46, 3686.46, 6952.62, 9035.62, 17779.12, 19862.12, 23195.12, 23998.12, 26201.97, 27004.97, 28457.97, 30990.98, 39658.98, 40461.98, 43365.13, 44170.13, 46423.59]
切分位置： [6, 10, 14]
后半段过短，需调整
迭代次数: 2
---------------------------
长度信息： [2250.46, 800.0, 2200.85, 2530.01, 2080.0, 800.0, 1430.0, 3263.16, 8740.5, 3330.0, 1450.0, 8665.0, 2900.15, 2080.0, 800.0, 2250.46, 802.0]
前序求和： [0.0, 2253.46, 3056.46, 5260.31, 7793.32, 9876.32, 10679.32, 12112.32, 15378.48, 24121.98, 27454.98, 28907.98, 37575.98, 40479.13, 42562.13, 43365.13, 45618.59, 46423.59]
切分位置： [8, 10, 13]
前半段过短，需调整
迭代次数: 3
---------------------------
长度信息： [800.0, 2900.15, 2200.85, 800.0, 2530.01, 3330.0, 8740.5, 2250.46, 2080.0, 800.0, 802.0, 3263.16, 2080.0, 1450.0, 2250.46, 1430.0, 8665.0]
前序求和： [0.0, 803.0, 3706.15, 5910.0, 6713.0, 9246.01, 12579.01, 21322.51, 23575.97, 25658.97, 26461.97, 27266.97, 30533.13, 32616.13, 34069.13, 36322.59, 37755.59, 46423.59]
切分位置： [7, 10, 16]
前半段过短，需调整
迭代次数: 4
---------------------------
长度信息： [2250.46, 8740.5, 8665.0, 800.0, 2200.85, 1450.0, 2080.0, 800.0, 2080.0, 2250.46, 3330.0, 2530.01, 3263.16, 1430.0, 802.0, 800.0, 2900.15]
前序求和： [0.0, 2253.46, 10996.96, 19664.96, 20467.96, 22671.81, 24124.81, 26207.81, 27010.81, 29093.81, 31347.27, 34680.27, 37213.28, 40479.44, 41912.44, 42717.44, 43520.44, 46423.59]
切分位置： [4, 7, 13]
前半段过短，需调整
迭代次数: 5
---------------------------
长度信息： [2250.46, 2200.85, 800.0, 3330.0, 2080.0, 8665.0, 800.0, 1430.0, 2080.0, 2900.15, 2530.01, 1450.0, 8740.5, 2250.46, 3263.16, 800.0, 802.0]
前序求和： [0.0, 2253.46, 4457.31, 5260.31, 8593.31, 10676.31, 19344.31, 20147.31, 21580.31, 23663.31, 26566.46, 29099.47, 30552.47, 39295.97, 41549.43, 44815.59, 45618.59, 46423.59]
切分位置： [7, 11, 14]
后半段过短，需调整
迭代次数: 6
---------------------------
长度信息： [2250.46, 2200.85, 1450.0, 2080.0, 802.0, 3330.0, 1430.0, 800.0, 2250.46, 3263.16, 800.0, 800.0, 8740.5, 8665.0, 2900.15, 2530.01, 2080.0]
前序求和： [0.0, 2253.46, 4457.31, 5910.31, 7993.31, 8798.31, 12131.31, 13564.31, 14367.31, 16620.77, 19886.93, 20689.93, 21492.93, 30236.43, 38904.43, 41807.58, 44340.59, 46423.59]
切分位置： [7, 14, 15]
前半段过短，需调整
迭代次数: 7
---------------------------
长度信息： [3330.0, 2080.0, 8665.0, 2250.46, 802.0, 2080.0, 2200.85, 800.0, 2900.15, 3263.16, 8740.5, 2530.01, 800.0, 1450.0, 1430.0, 800.0, 2250.46]
前序求和： [0.0, 3333.0, 5416.0, 14084.0, 16337.46, 17142.46, 19225.46, 21429.31, 22232.31, 25135.46, 28401.62, 37145.12, 39678.13, 40481.13, 41934.13, 43367.13, 44170.13, 46423.59]
切分位置： [4, 10, 12]
第 4 个 12000 切分段(末段)
  该分段长度布置: ['8740.5B', 2530.01, 800.0, 1450.0, 1430.0, 800.0, 2250.46]
完成切分，该组序列OK，循环套料总长度 46423.59 ，共计需要 12000 整料 4 根
分段结果： [[3330.0, 2080.0, '8665.0A'], ['8665.0B', 2250.46, 802.0, 2080.0, 2200.85, 800.0, '2900.15A'], ['2900.15B', 3263.16, '8740.5A'], ['8740.5B', 2530.01, 800.0, 1450.0, 1430.0, 800.0, 2250.46]]
分段ID值： [['9235480', '440527', '35511714A'], ['35511714B', '441854', '441248', '439889', '442283', '441274', '10949474A'], ['10949474B', '441776', '35667183A'], ['35667183B', '9139187', '35490249', '10949870', '9235505', '35657400', '442712']]
原始字典： {'441248': 802.0, '35657400': 800.0, '35490249': 800.0, '441274': 800.0, '35667183': 8740.5, '35511714': 8665.0, '10949474': 2900.15, '442283': 2200.85, '442712': 2250.46, '441854': 2250.46, '9139187': 2530.01, '439889': 2080.0, '440527': 2080.0, '9235505': 1430.0, '9235480': 3330.0, '10949870': 1450.0, '441776': 3263.16}
分段AB长: [['1', '8665.0A', '6581.0', '2084.0'], ['2', '2900.15A', '1764.69', '1135.46'], ['3', '8740.5A', '7595.38', '1145.12']]
数据库打开成功
数据库已更新
[[[], [], []], [[], [], []], [[], [], []], [[], [], []]]

