*****************Rank_roll_Log2023_04_04_15*****************
['441248', '35657400', '35490249', '441274', '35667183', '35511714', '10949474', '442283', '442712', '441854', '9139187', '439889', '440527', '9235505', '9235480', '10949870', '441776']
[802.0, 800.0, 800.0, 800.0, 8740.5, 8665.0, 2900.15, 2200.85, 2250.46, 2250.46, 2530.01, 2080.0, 2080.0, 1430.0, 3330.0, 1450.0, 3263.16]
迭代次数: 0
---------------------------
长度信息： [802.0, 800.0, 800.0, 800.0, 8740.5, 8665.0, 2900.15, 2200.85, 2250.46, 2250.46, 2530.01, 2080.0, 2080.0, 1430.0, 3330.0, 1450.0, 3263.16]
前序求和： [0.0, 805.0, 1608.0, 2411.0, 3214.0, 11957.5, 20625.5, 23528.65, 25732.5, 27985.96, 30239.42, 32772.43, 34855.43, 36938.43, 38371.43, 41704.43, 43157.43, 46423.59]
切分位置： [7, 9, 14]
后半段过短，需调整
迭代次数: 1
---------------------------
长度信息： [2080.0, 1450.0, 1430.0, 800.0, 8740.5, 2200.85, 2250.46, 2530.01, 2250.46, 802.0, 3263.16, 8665.0, 2080.0, 800.0, 2900.15, 800.0, 3330.0]
前序求和： [0.0, 2083.0, 3536.0, 4969.0, 5772.0, 14515.5, 16719.35, 18972.81, 21505.82, 23759.28, 24564.28, 27830.44, 36498.44, 38581.44, 39384.44, 42287.59, 43090.59, 46423.59]
切分位置： [6, 11, 13]
802.0 分段处过短，需调整
迭代次数: 2
---------------------------
长度信息： [2080.0, 2250.46, 3330.0, 800.0, 2080.0, 8740.5, 1450.0, 1430.0, 2200.85, 2530.01, 8665.0, 3263.16, 2250.46, 800.0, 800.0, 2900.15, 802.0]
前序求和： [0.0, 2083.0, 4336.46, 7669.46, 8472.46, 10555.46, 19298.96, 20751.96, 22184.96, 24388.81, 26921.82, 35589.82, 38855.98, 41109.44, 41912.44, 42715.44, 45618.59, 46423.59]
切分位置： [7, 10, 13]
前半段过短，需调整
迭代次数: 3
---------------------------
长度信息： [2080.0, 2530.01, 800.0, 8665.0, 2900.15, 802.0, 1430.0, 8740.5, 800.0, 2080.0, 2250.46, 3330.0, 2200.85, 1450.0, 3263.16, 2250.46, 800.0]
前序求和： [0.0, 2083.0, 4616.01, 5419.01, 14087.01, 16990.16, 17795.16, 19228.16, 27971.66, 28774.66, 30857.66, 33111.12, 36444.12, 38647.97, 40100.97, 43367.13, 45620.59, 46423.59]
切分位置： [5, 9, 13]
前半段过短，需调整
迭代次数: 4
---------------------------
长度信息： [2080.0, 2530.01, 800.0, 8665.0, 3330.0, 2080.0, 2250.46, 2250.46, 8740.5, 800.0, 1450.0, 1430.0, 2200.85, 3263.16, 800.0, 2900.15, 802.0]
前序求和： [0.0, 2083.0, 4616.01, 5419.01, 14087.01, 17420.01, 19503.01, 21756.47, 24009.93, 32753.43, 33556.43, 35009.43, 36442.43, 38646.28, 41912.44, 42715.44, 45618.59, 46423.59]
切分位置： [5, 9, 13]
前半段过短，需调整
迭代次数: 5
---------------------------
长度信息： [1430.0, 800.0, 2250.46, 2250.46, 8665.0, 2080.0, 3330.0, 2900.15, 2200.85, 2530.01, 8740.5, 800.0, 3263.16, 802.0, 1450.0, 800.0, 2080.0]
前序求和： [0.0, 1433.0, 2236.0, 4489.46, 6742.92, 15410.92, 17493.92, 20826.92, 23730.07, 25933.92, 28466.93, 37210.43, 38013.43, 41279.59, 42084.59, 43537.59, 44340.59, 46423.59]
切分位置： [6, 10, 12]
后半段过短，需调整
迭代次数: 6
---------------------------
长度信息： [1430.0, 2900.15, 1450.0, 2080.0, 2250.46, 8740.5, 800.0, 8665.0, 800.0, 2200.85, 2080.0, 802.0, 800.0, 3330.0, 3263.16, 2530.01, 2250.46]
前序求和： [0.0, 1433.0, 4336.15, 5789.15, 7872.15, 10125.61, 18869.11, 19672.11, 28340.11, 29143.11, 31346.96, 33429.96, 34234.96, 35037.96, 38370.96, 41637.12, 44170.13, 46423.59]
切分位置： [7, 9, 15]
第 4 个 12000 切分段(末段)
  该分段长度布置: ['3330.0B', 3263.16, 2530.01, 2250.46]
完成切分，该组序列OK，循环套料总长度 46423.59 ，共计需要 12000 整料 4 根
分段结果： [[1430.0, 2900.15, 1450.0, 2080.0, 2250.46, '8740.5A'], ['8740.5B', 800.0, '8665.0A'], ['8665.0B', 800.0, 2200.85, 2080.0, 802.0, 800.0, '3330.0A'], ['3330.0B', 3263.16, 2530.01, 2250.46]]
分段ID值： [['9235505', '10949474', '10949870', '440527', '441854', '35667183A'], ['35667183B', '441274', '35511714A'], ['35511714B', '35490249', '442283', '439889', '441248', '35657400', '9235480A'], ['9235480B', '441776', '9139187', '442712']]
原始字典： {'441248': 802.0, '35657400': 800.0, '35490249': 800.0, '441274': 800.0, '35667183': 8740.5, '35511714': 8665.0, '10949474': 2900.15, '442283': 2200.85, '442712': 2250.46, '441854': 2250.46, '9139187': 2530.01, '439889': 2080.0, '440527': 2080.0, '9235505': 1430.0, '9235480': 3330.0, '10949870': 1450.0, '441776': 3263.16}
分段AB长: [['1', '8740.5A', '1871.39', '6869.11'], ['2', '8665.0A', '4324.89', '4340.11'], ['3', '3330.0A', '959.04', '2370.96']]
数据库打开成功
数据库已更新
[[[], [], []], [[], [], []], [[], [], []], [[], [], []]]

*****************Rank_roll_Log2023_04_04_15*****************
['441248', '35657400', '35490249', '441274', '35667183', '35511714', '10949474', '442283', '442712', '441854', '9139187', '439889', '440527', '9235505', '9235480', '10949870', '441776']
[802.0, 800.0, 800.0, 800.0, 8740.5, 8665.0, 2900.15, 2200.85, 2250.46, 2250.46, 2530.01, 2080.0, 2080.0, 1430.0, 3330.0, 1450.0, 3263.16]
迭代次数: 0
---------------------------
长度信息： [802.0, 800.0, 800.0, 800.0, 8740.5, 8665.0, 2900.15, 2200.85, 2250.46, 2250.46, 2530.01, 2080.0, 2080.0, 1430.0, 3330.0, 1450.0, 3263.16]
前序求和： [0.0, 805.0, 1608.0, 2411.0, 3214.0, 11957.5, 20625.5, 23528.65, 25732.5, 27985.96, 30239.42, 32772.43, 34855.43, 36938.43, 38371.43, 41704.43, 43157.43, 46423.59]
切分位置： [7, 9, 14]
后半段过短，需调整
迭代次数: 1
---------------------------
长度信息： [2900.15, 1450.0, 2080.0, 800.0, 2080.0, 2250.46, 2200.85, 8665.0, 2530.01, 3330.0, 3263.16, 800.0, 802.0, 2250.46, 800.0, 8740.5, 1430.0]
前序求和： [0.0, 2903.15, 4356.15, 6439.15, 7242.15, 9325.15, 11578.61, 13782.46, 22450.46, 24983.47, 28316.47, 31582.63, 32385.63, 33190.63, 35444.09, 36247.09, 44990.59, 46423.59]
切分位置： [8, 10, 16]
后半段过短，需调整
迭代次数: 2
---------------------------
长度信息： [2080.0, 800.0, 800.0, 3330.0, 2200.85, 2530.01, 2900.15, 800.0, 2080.0, 1450.0, 3263.16, 802.0, 1430.0, 2250.46, 8740.5, 2250.46, 8665.0]
前序求和： [0.0, 2083.0, 2886.0, 3689.0, 7022.0, 9225.85, 11758.86, 14662.01, 15465.01, 17548.01, 19001.01, 22267.17, 23072.17, 24505.17, 26758.63, 35502.13, 37755.59, 46423.59]
切分位置： [8, 14, 17]
后半段过短，需调整
迭代次数: 3
---------------------------
长度信息： [2250.46, 3263.16, 800.0, 8665.0, 1430.0, 2080.0, 2250.46, 800.0, 2200.85, 802.0, 2900.15, 8740.5, 3330.0, 2530.01, 1450.0, 800.0, 2080.0]
前序求和： [0.0, 2253.46, 5519.62, 6322.62, 14990.62, 16423.62, 18506.62, 20760.08, 21563.08, 23766.93, 24571.93, 27475.08, 36218.58, 39551.58, 42084.59, 43537.59, 44340.59, 46423.59]
切分位置： [5, 11, 13]
802.0 分段处过短，需调整
迭代次数: 4
---------------------------
长度信息： [2250.46, 800.0, 2250.46, 8740.5, 2530.01, 800.0, 2080.0, 2900.15, 802.0, 2080.0, 8665.0, 3263.16, 2200.85, 3330.0, 800.0, 1430.0, 1450.0]
前序求和： [0.0, 2253.46, 3056.46, 5309.92, 14053.42, 16586.43, 17389.43, 19472.43, 22375.58, 23180.58, 25263.58, 33931.58, 37197.74, 39401.59, 42734.59, 43537.59, 44970.59, 46423.59]
切分位置： [5, 11, 13]
第 4 个 12000 切分段(末段)
  该分段长度布置: ['3263.16B', 2200.85, 3330.0, 800.0, 1430.0, 1450.0]
完成切分，该组序列OK，循环套料总长度 46423.59 ，共计需要 12000 整料 4 根
分段结果： [[2250.46, 800.0, 2250.46, '8740.5A'], ['8740.5B', 2530.01, 800.0, 2080.0, 2900.15, 802.0, '2080.0A'], ['2080.0B', 8665.0, '3263.16A'], ['3263.16B', 2200.85, 3330.0, 800.0, 1430.0, 1450.0]]
分段ID值： [['441854', '441274', '442712', '35667183A'], ['35667183B', '9139187', '35490249', '440527', '10949474', '441248', '439889A'], ['439889B', '35511714', '441776A'], ['441776B', '442283', '9235480', '35657400', '9235505', '10949870']]
原始字典： {'441248': 802.0, '35657400': 800.0, '35490249': 800.0, '441274': 800.0, '35667183': 8740.5, '35511714': 8665.0, '10949474': 2900.15, '442283': 2200.85, '442712': 2250.46, '441854': 2250.46, '9139187': 2530.01, '439889': 2080.0, '440527': 2080.0, '9235505': 1430.0, '9235480': 3330.0, '10949870': 1450.0, '441776': 3263.16}
分段AB长: [['1', '8740.5A', '6687.08', '2053.42'], ['2', '2080.0A', '816.42', '1263.58'], ['3', '3263.16A', '2065.42', '1197.74']]
数据库打开成功
数据库已更新
[[[], [], []], [[], [], []], [[], [], []], [[], [], []]]

*****************Rank_roll_Log2023_04_04_15*****************
['441248', '35657400', '35490249', '441274', '35667183', '35511714', '10949474', '442283', '442712', '441854', '9139187', '439889', '440527', '9235505', '9235480', '10949870', '441776']
[802.0, 800.0, 800.0, 800.0, 8740.5, 8665.0, 2900.15, 2200.85, 2250.46, 2250.46, 2530.01, 2080.0, 2080.0, 1430.0, 3330.0, 1450.0, 3263.16]
迭代次数: 0
---------------------------
长度信息： [802.0, 800.0, 800.0, 800.0, 8740.5, 8665.0, 2900.15, 2200.85, 2250.46, 2250.46, 2530.01, 2080.0, 2080.0, 1430.0, 3330.0, 1450.0, 3263.16]
前序求和： [0.0, 805.0, 1608.0, 2411.0, 3214.0, 11957.5, 20625.5, 23528.65, 25732.5, 27985.96, 30239.42, 32772.43, 34855.43, 36938.43, 38371.43, 41704.43, 43157.43, 46423.59]
切分位置： [7, 9, 14]
后半段过短，需调整
迭代次数: 1
---------------------------
长度信息： [2080.0, 2250.46, 2900.15, 800.0, 3263.16, 802.0, 1430.0, 1450.0, 800.0, 2250.46, 2530.01, 8740.5, 2080.0, 3330.0, 8665.0, 2200.85, 800.0]
前序求和： [0.0, 2083.0, 4336.46, 7239.61, 8042.61, 11308.77, 12113.77, 13546.77, 14999.77, 15802.77, 18056.23, 20589.24, 29332.74, 31415.74, 34748.74, 43416.74, 45620.59, 46423.59]
切分位置： [7, 13, 16]
802.0 分段处过短，需调整
迭代次数: 2
---------------------------
长度信息： [800.0, 800.0, 2080.0, 2530.01, 2080.0, 802.0, 8665.0, 2250.46, 3263.16, 2200.85, 3330.0, 1430.0, 2250.46, 1450.0, 8740.5, 2900.15, 800.0]
前序求和： [0.0, 803.0, 1606.0, 3689.0, 6222.01, 8305.01, 9110.01, 17778.01, 20031.47, 23297.63, 25501.48, 28834.48, 30267.48, 32520.94, 33973.94, 42717.44, 45620.59, 46423.59]
切分位置： [8, 11, 16]
第 4 个 12000 切分段(末段)
  该分段长度布置: ['8740.5B', 2900.15, 800.0]
完成切分，该组序列OK，循环套料总长度 46423.59 ，共计需要 12000 整料 4 根
分段结果： [[800.0, 800.0, 2080.0, 2530.01, 2080.0, 802.0, '8665.0A'], ['8665.0B', 2250.46, 3263.16, '2200.85A'], ['2200.85B', 3330.0, 1430.0, 2250.46, 1450.0, '8740.5A'], ['8740.5B', 2900.15, 800.0]]
分段ID值： [['441274', '35490249', '440527', '9139187', '439889', '441248', '35511714A'], ['35511714B', '441854', '441776', '442283A'], ['442283B', '9235480', '9235505', '442712', '10949870', '35667183A'], ['35667183B', '10949474', '35657400']]
原始字典： {'441248': 802.0, '35657400': 800.0, '35490249': 800.0, '441274': 800.0, '35667183': 8740.5, '35511714': 8665.0, '10949474': 2900.15, '442283': 2200.85, '442712': 2250.46, '441854': 2250.46, '9139187': 2530.01, '439889': 2080.0, '440527': 2080.0, '9235505': 1430.0, '9235480': 3330.0, '10949870': 1450.0, '441776': 3263.16}
分段AB长: [['1', '8665.0A', '2886.99', '5778.01'], ['2', '2200.85A', '699.37', '1501.48'], ['3', '8740.5A', '2023.06', '6717.44']]
数据库打开成功
数据库已更新
[[[], [], []], [[], [], []], [[], [], []], [[], [], []]]

*****************Rank_roll_Log2023_04_04_15*****************
['441248', '35657400', '35490249', '441274', '35667183', '35511714', '10949474', '442283', '442712', '441854', '9139187', '439889', '440527', '9235505', '9235480', '10949870', '441776']
[802.0, 800.0, 800.0, 800.0, 8740.5, 8665.0, 2900.15, 2200.85, 2250.46, 2250.46, 2530.01, 2080.0, 2080.0, 1430.0, 3330.0, 1450.0, 3263.16]
迭代次数: 0
---------------------------
长度信息： [802.0, 800.0, 800.0, 800.0, 8740.5, 8665.0, 2900.15, 2200.85, 2250.46, 2250.46, 2530.01, 2080.0, 2080.0, 1430.0, 3330.0, 1450.0, 3263.16]
前序求和： [0.0, 805.0, 1608.0, 2411.0, 3214.0, 11957.5, 20625.5, 23528.65, 25732.5, 27985.96, 30239.42, 32772.43, 34855.43, 36938.43, 38371.43, 41704.43, 43157.43, 46423.59]
切分位置： [7, 9, 14]
后半段过短，需调整
迭代次数: 1
---------------------------
长度信息： [2250.46, 2200.85, 2530.01, 800.0, 800.0, 8665.0, 2080.0, 2900.15, 800.0, 3330.0, 802.0, 8740.5, 3263.16, 1450.0, 2080.0, 2250.46, 1430.0]
前序求和： [0.0, 2253.46, 4457.31, 6990.32, 7793.32, 8596.32, 17264.32, 19347.32, 22250.47, 23053.47, 26386.47, 27191.47, 35934.97, 39201.13, 40654.13, 42737.13, 44990.59, 46423.59]
切分位置： [7, 11, 14]
后半段过短，需调整
迭代次数: 2
---------------------------
长度信息： [2250.46, 2200.85, 2530.01, 800.0, 800.0, 3330.0, 2250.46, 2080.0, 2080.0, 802.0, 1450.0, 3263.16, 8665.0, 800.0, 1430.0, 2900.15, 8740.5]
前序求和： [0.0, 2253.46, 4457.31, 6990.32, 7793.32, 8596.32, 11929.32, 14182.78, 16265.78, 18348.78, 19153.78, 20606.78, 23872.94, 32540.94, 33343.94, 34776.94, 37680.09, 46423.59]
切分位置： [8, 14, 17]
后半段过短，需调整
迭代次数: 3
---------------------------
长度信息： [800.0, 2250.46, 2900.15, 3330.0, 1430.0, 8665.0, 1450.0, 2200.85, 8740.5, 3263.16, 2250.46, 2530.01, 800.0, 800.0, 2080.0, 802.0, 2080.0]
前序求和： [0.0, 803.0, 3056.46, 5959.61, 9292.61, 10725.61, 19393.61, 20846.61, 23050.46, 31793.96, 35060.12, 37313.58, 39846.59, 40649.59, 41452.59, 43535.59, 44340.59, 46423.59]
切分位置： [7, 10, 12]
第 4 个 12000 切分段(末段)
  该分段长度布置: ['2250.46B', 2530.01, 800.0, 800.0, 2080.0, 802.0, 2080.0]
完成切分，该组序列OK，循环套料总长度 46423.59 ，共计需要 12000 整料 4 根
分段结果： [[800.0, 2250.46, 2900.15, 3330.0, 1430.0, '8665.0A'], ['8665.0B', 1450.0, 2200.85, '8740.5A'], ['8740.5B', 3263.16, '2250.46A'], ['2250.46B', 2530.01, 800.0, 800.0, 2080.0, 802.0, 2080.0]]
分段ID值： [['441274', '441854', '10949474', '9235480', '9235505', '35511714A'], ['35511714B', '10949870', '442283', '35667183A'], ['35667183B', '441776', '442712A'], ['442712B', '9139187', '35490249', '35657400', '440527', '441248', '439889']]
原始字典： {'441248': 802.0, '35657400': 800.0, '35490249': 800.0, '441274': 800.0, '35667183': 8740.5, '35511714': 8665.0, '10949474': 2900.15, '442283': 2200.85, '442712': 2250.46, '441854': 2250.46, '9139187': 2530.01, '439889': 2080.0, '440527': 2080.0, '9235505': 1430.0, '9235480': 3330.0, '10949870': 1450.0, '441776': 3263.16}
分段AB长: [['1', '8665.0A', '1271.39', '7393.61'], ['2', '8740.5A', '946.54', '7793.96'], ['3', '2250.46A', '936.88', '1313.58']]
数据库打开成功
数据库已更新
[[[], [], []], [[], [], []], [[], [], []], [[], [], []]]

*****************Rank_roll_Log2023_04_04_15*****************
['441248', '35657400', '35490249', '441274', '35667183', '35511714', '10949474', '442283', '442712', '441854', '9139187', '439889', '440527', '9235505', '9235480', '10949870', '441776']
[802.0, 800.0, 800.0, 800.0, 8740.5, 8665.0, 2900.15, 2200.85, 2250.46, 2250.46, 2530.01, 2080.0, 2080.0, 1430.0, 3330.0, 1450.0, 3263.16]
迭代次数: 0
---------------------------
长度信息： [802.0, 800.0, 800.0, 800.0, 8740.5, 8665.0, 2900.15, 2200.85, 2250.46, 2250.46, 2530.01, 2080.0, 2080.0, 1430.0, 3330.0, 1450.0, 3263.16]
前序求和： [0.0, 805.0, 1608.0, 2411.0, 3214.0, 11957.5, 20625.5, 23528.65, 25732.5, 27985.96, 30239.42, 32772.43, 34855.43, 36938.43, 38371.43, 41704.43, 43157.43, 46423.59]
切分位置： [7, 9, 14]
后半段过短，需调整
迭代次数: 1
---------------------------
长度信息： [2250.46, 2250.46, 2080.0, 2900.15, 2080.0, 2530.01, 800.0, 800.0, 3263.16, 8740.5, 1430.0, 2200.85, 8665.0, 1450.0, 3330.0, 800.0, 802.0]
前序求和： [0.0, 2253.46, 4506.92, 6589.92, 9493.07, 11576.07, 14109.08, 14912.08, 15715.08, 18981.24, 27724.74, 29157.74, 31361.59, 40029.59, 41482.59, 44815.59, 45618.59, 46423.59]
切分位置： [7, 11, 14]
后半段过短，需调整
迭代次数: 2
---------------------------
长度信息： [800.0, 3263.16, 8740.5, 800.0, 2080.0, 2530.01, 3330.0, 2900.15, 2200.85, 2250.46, 800.0, 1430.0, 2080.0, 1450.0, 2250.46, 8665.0, 802.0]
前序求和： [0.0, 803.0, 4069.16, 12812.66, 13615.66, 15698.66, 18231.67, 21564.67, 24467.82, 26671.67, 28925.13, 29728.13, 31161.13, 33244.13, 34697.13, 36950.59, 45618.59, 46423.59]
切分位置： [4, 9, 16]
前半段过短，需调整
迭代次数: 3
---------------------------
长度信息： [800.0, 800.0, 800.0, 2900.15, 2530.01, 1430.0, 2250.46, 3330.0, 2080.0, 2200.85, 8740.5, 802.0, 8665.0, 3263.16, 2080.0, 2250.46, 1450.0]
前序求和： [0.0, 803.0, 1606.0, 2409.0, 5312.15, 7845.16, 9278.16, 11531.62, 14864.62, 16947.62, 19151.47, 27894.97, 28699.97, 37367.97, 40634.13, 42717.13, 44970.59, 46423.59]
切分位置： [9, 12, 14]
后半段过短，需调整
迭代次数: 4
---------------------------
长度信息： [2530.01, 1430.0, 802.0, 3330.0, 2250.46, 2080.0, 2200.85, 1450.0, 800.0, 800.0, 2900.15, 8740.5, 3263.16, 2080.0, 8665.0, 2250.46, 800.0]
前序求和： [0.0, 2533.01, 3966.01, 4771.01, 8104.01, 10357.47, 12440.47, 14644.32, 16097.32, 16900.32, 17703.32, 20606.47, 29349.97, 32616.13, 34699.13, 43367.13, 45620.59, 46423.59]
切分位置： [7, 13, 16]
前半段过短，需调整
迭代次数: 5
---------------------------
长度信息： [800.0, 2250.46, 2530.01, 2250.46, 1430.0, 802.0, 8665.0, 2080.0, 1450.0, 2200.85, 2900.15, 3330.0, 2080.0, 8740.5, 3263.16, 800.0, 800.0]
前序求和： [0.0, 803.0, 3056.46, 5589.47, 7842.93, 9275.93, 10080.93, 18748.93, 20831.93, 22284.93, 24488.78, 27391.93, 30724.93, 32807.93, 41551.43, 44817.59, 45620.59, 46423.59]
切分位置： [8, 11, 15]
前半段过短，需调整
迭代次数: 6
---------------------------
长度信息： [800.0, 2250.46, 802.0, 2080.0, 2080.0, 800.0, 1430.0, 2200.85, 3263.16, 2900.15, 2250.46, 2530.01, 800.0, 8665.0, 8740.5, 3330.0, 1450.0]
前序求和： [0.0, 803.0, 3056.46, 3861.46, 5944.46, 8027.46, 8830.46, 10263.46, 12467.31, 15733.47, 18636.62, 20890.08, 23423.09, 24226.09, 32894.09, 41637.59, 44970.59, 46423.59]
切分位置： [9, 14, 16]
前半段过短，需调整
迭代次数: 7
---------------------------
长度信息： [1430.0, 2900.15, 2200.85, 800.0, 802.0, 8740.5, 3263.16, 1450.0, 8665.0, 2080.0, 2250.46, 2250.46, 2080.0, 3330.0, 2530.01, 800.0, 800.0]
前序求和： [0.0, 1433.0, 4336.15, 6540.0, 7343.0, 8148.0, 16891.5, 20157.66, 21610.66, 30278.66, 32361.66, 34615.12, 36868.58, 38951.58, 42284.58, 44817.59, 45620.59, 46423.59]
切分位置： [7, 10, 13]
第 4 个 12000 切分段(末段)
  该分段长度布置: ['2250.46B', 2080.0, 3330.0, 2530.01, 800.0, 800.0]
完成切分，该组序列OK，循环套料总长度 46423.59 ，共计需要 12000 整料 4 根
分段结果： [[1430.0, 2900.15, 2200.85, 800.0, 802.0, '8740.5A'], ['8740.5B', 3263.16, 1450.0, '8665.0A'], ['8665.0B', 2080.0, 2250.46, '2250.46A'], ['2250.46B', 2080.0, 3330.0, 2530.01, 800.0, 800.0]]
分段ID值： [['9235505', '10949474', '442283', '441274', '441248', '35667183A'], ['35667183B', '441776', '10949870', '35511714A'], ['35511714B', '440527', '441854', '442712A'], ['442712B', '439889', '9235480', '9139187', '35490249', '35657400']]
原始字典： {'441248': 802.0, '35657400': 800.0, '35490249': 800.0, '441274': 800.0, '35667183': 8740.5, '35511714': 8665.0, '10949474': 2900.15, '442283': 2200.85, '442712': 2250.46, '441854': 2250.46, '9139187': 2530.01, '439889': 2080.0, '440527': 2080.0, '9235505': 1430.0, '9235480': 3330.0, '10949870': 1450.0, '441776': 3263.16}
分段AB长: [['1', '8740.5A', '3849.0', '4891.5'], ['2', '8665.0A', '2386.34', '6278.66'], ['3', '2250.46A', '1381.88', '868.58']]
数据库打开成功
数据库已更新
[[[], [], []], [[], [], []], [[], [], []], [[], [], []]]

